{
  "Cucumber Features": {
    "coverage": {
      "/var/lib/stickshift/5387e2d55004465186000322/app-root/data/877008/rottenpotatoes/app/controllers/application_controller.rb": [
        1,
        1,
        null
      ],
      "/var/lib/stickshift/5387e2d55004465186000322/app-root/data/877008/rottenpotatoes/app/helpers/application_helper.rb": [
        1,
        null
      ],
      "/var/lib/stickshift/5387e2d55004465186000322/app-root/data/877008/rottenpotatoes/app/helpers/movies_helper.rb": [
        1,
        null,
        1,
        0,
        null,
        null
      ],
      "/var/lib/stickshift/5387e2d55004465186000322/app-root/data/877008/rottenpotatoes/app/controllers/movies_controller.rb": [
        1,
        null,
        1,
        3,
        3,
        null,
        null,
        null,
        null,
        1,
        null,
        2,
        2,
        2,
        1,
        1,
        1,
        null,
        2,
        null,
        null,
        1,
        1,
        1,
        null,
        0,
        null,
        0,
        null,
        1,
        1,
        null,
        1,
        6,
        null,
        null,
        1,
        0,
        0,
        0,
        null,
        null,
        1,
        0,
        0,
        0,
        0,
        null,
        1,
        null,
        null,
        1,
        null,
        null,
        null,
        1,
        0,
        0,
        0,
        null,
        null,
        1,
        1,
        null,
        null,
        1,
        1,
        1,
        1,
        1,
        null,
        null,
        1,
        0,
        0,
        0,
        0,
        null,
        null,
        null
      ],
      "/var/lib/stickshift/5387e2d55004465186000322/app-root/data/877008/rottenpotatoes/app/models/movie.rb": [
        1,
        null,
        1,
        null,
        1,
        1,
        null,
        null,
        1,
        2,
        null,
        null
      ]
    },
    "timestamp": 1401734802
  },
  "RSpec": {
    "coverage": {
      "/var/lib/stickshift/5387e2d55004465186000322/app-root/data/877008/rottenpotatoes/app/controllers/application_controller.rb": [
        1,
        1,
        null
      ],
      "/var/lib/stickshift/5387e2d55004465186000322/app-root/data/877008/rottenpotatoes/app/helpers/application_helper.rb": [
        1,
        null
      ],
      "/var/lib/stickshift/5387e2d55004465186000322/app-root/data/877008/rottenpotatoes/app/helpers/movies_helper.rb": [
        1,
        null,
        1,
        2,
        null,
        null
      ],
      "/var/lib/stickshift/5387e2d55004465186000322/app-root/data/877008/rottenpotatoes/app/controllers/movies_controller.rb": [
        1,
        null,
        1,
        2,
        2,
        null,
        null,
        null,
        null,
        1,
        null,
        3,
        3,
        3,
        3,
        3,
        3,
        null,
        3,
        null,
        null,
        1,
        4,
        4,
        null,
        1,
        null,
        1,
        null,
        4,
        4,
        null,
        4,
        18,
        null,
        null,
        4,
        2,
        2,
        2,
        null,
        null,
        2,
        1,
        1,
        1,
        1,
        null,
        1,
        null,
        null,
        1,
        null,
        null,
        null,
        1,
        3,
        3,
        3,
        null,
        null,
        1,
        2,
        null,
        null,
        1,
        4,
        4,
        4,
        4,
        null,
        null,
        1,
        3,
        3,
        3,
        3,
        null,
        null,
        null
      ],
      "/var/lib/stickshift/5387e2d55004465186000322/app-root/data/877008/rottenpotatoes/app/models/movie.rb": [
        1,
        null,
        1,
        null,
        1,
        4,
        null,
        null,
        1,
        3,
        null,
        null
      ]
    },
    "timestamp": 1401939245
  }
}
